INFO 2025-09-11 19:53:55,370 autoreload 30628 3116 Watching for file changes with StatReloader
WARNING 2025-09-11 19:54:10,681 log 30628 28348 Not Found: /
WARNING 2025-09-11 19:54:10,681 basehttp 30628 28348 "GET / HTTP/1.1" 404 2659
WARNING 2025-09-11 19:54:10,816 log 30628 28348 Not Found: /favicon.ico
WARNING 2025-09-11 19:54:10,816 basehttp 30628 28348 "GET /favicon.ico HTTP/1.1" 404 2710
INFO 2025-09-11 19:54:31,724 autoreload 30628 3116 C:\Users\raxtr\Documents\Programming\SIH Hackathon 2025\LCA Analysis\LCA-Analysis-Tool\lca_tool\urls.py changed, reloading.
INFO 2025-09-11 19:54:32,057 autoreload 24920 14960 Watching for file changes with StatReloader
INFO 2025-09-11 19:55:06,524 basehttp 24920 27388 "GET / HTTP/1.1" 200 2718
INFO 2025-09-11 19:56:28,192 basehttp 24920 27388 "GET / HTTP/1.1" 200 2718
INFO 2025-09-11 19:56:30,540 basehttp 24920 27388 "GET /admin/ HTTP/1.1" 302 0
INFO 2025-09-11 19:56:30,639 basehttp 24920 27388 "GET /admin/login/?next=/admin/ HTTP/1.1" 200 4181
INFO 2025-09-11 19:56:30,741 basehttp 24920 27388 "GET /static/admin/css/base.css HTTP/1.1" 200 21207
INFO 2025-09-11 19:56:30,755 basehttp 24920 27388 "GET /static/admin/js/nav_sidebar.js HTTP/1.1" 200 3063
INFO 2025-09-11 19:56:30,759 basehttp 24920 13788 "GET /static/admin/css/dark_mode.css HTTP/1.1" 200 2929
INFO 2025-09-11 19:56:30,764 basehttp 24920 29656 "GET /static/admin/css/responsive.css HTTP/1.1" 200 18533
INFO 2025-09-11 19:56:30,765 basehttp 24920 7648 "GET /static/admin/css/login.css HTTP/1.1" 200 958
INFO 2025-09-11 19:56:30,765 basehttp 24920 29752 "GET /static/admin/js/theme.js HTTP/1.1" 200 1943
INFO 2025-09-11 19:56:30,769 basehttp 24920 8632 "GET /static/admin/css/nav_sidebar.css HTTP/1.1" 200 2694
WARNING 2025-09-11 19:56:33,591 log 24920 8632 Forbidden: /api/
WARNING 2025-09-11 19:56:33,591 basehttp 24920 8632 "GET /api/ HTTP/1.1" 403 4973
INFO 2025-09-11 19:56:33,607 basehttp 24920 8632 "GET /static/rest_framework/css/bootstrap.min.css HTTP/1.1" 200 121457
INFO 2025-09-11 19:56:33,608 basehttp 24920 29752 "GET /static/rest_framework/css/bootstrap-tweaks.css HTTP/1.1" 200 3385
INFO 2025-09-11 19:56:33,608 basehttp 24920 29656 "GET /static/rest_framework/css/default.css HTTP/1.1" 200 1152
INFO 2025-09-11 19:56:33,608 basehttp 24920 7648 "GET /static/rest_framework/css/prettify.css HTTP/1.1" 200 817
INFO 2025-09-11 19:56:33,615 basehttp 24920 27388 "GET /static/rest_framework/js/ajax-form.js HTTP/1.1" 200 3597
INFO 2025-09-11 19:56:33,620 basehttp 24920 7648 "GET /static/rest_framework/js/default.js HTTP/1.1" 200 1268
INFO 2025-09-11 19:56:33,621 basehttp 24920 8632 "GET /static/rest_framework/js/csrf.js HTTP/1.1" 200 1719
INFO 2025-09-11 19:56:33,621 basehttp 24920 27388 "GET /static/rest_framework/img/grid.png HTTP/1.1" 200 1458
INFO 2025-09-11 19:56:33,627 basehttp 24920 29656 "GET /static/rest_framework/js/prettify-min.js HTTP/1.1" 200 13632
INFO 2025-09-11 19:56:33,630 basehttp 24920 29752 "GET /static/rest_framework/js/bootstrap.min.js HTTP/1.1" 200 39680
INFO 2025-09-11 19:56:33,634 basehttp 24920 13788 "GET /static/rest_framework/js/jquery-3.5.1.min.js HTTP/1.1" 200 89476
WARNING 2025-09-11 19:56:40,459 log 24920 13788 Forbidden: /api/calculations/
WARNING 2025-09-11 19:56:40,459 basehttp 24920 13788 "GET /api/calculations/ HTTP/1.1" 403 5226
WARNING 2025-09-11 19:56:42,404 log 24920 13788 Forbidden: /api/projects/
WARNING 2025-09-11 19:56:42,405 basehttp 24920 13788 "GET /api/projects/ HTTP/1.1" 403 5178
WARNING 2025-09-11 19:56:43,903 log 24920 13788 Forbidden: /api/
WARNING 2025-09-11 19:56:43,903 basehttp 24920 13788 "GET /api/ HTTP/1.1" 403 4973
INFO 2025-09-11 19:56:45,678 basehttp 24920 13788 "GET /admin/ HTTP/1.1" 302 0
INFO 2025-09-11 19:56:45,682 basehttp 24920 13788 "GET /admin/login/?next=/admin/ HTTP/1.1" 200 4181
WARNING 2025-09-11 20:01:05,233 log 24920 13788 Forbidden: /api/projects/
WARNING 2025-09-11 20:01:05,233 basehttp 24920 13788 "GET /api/projects/ HTTP/1.1" 403 5178
INFO 2025-09-11 20:01:05,241 basehttp 24920 13788 "GET /static/rest_framework/css/bootstrap.min.css HTTP/1.1" 304 0
INFO 2025-09-11 20:01:05,244 basehttp 24920 13788 "GET /static/rest_framework/css/bootstrap-tweaks.css HTTP/1.1" 304 0
INFO 2025-09-11 20:01:05,245 basehttp 24920 29656 "GET /static/rest_framework/css/default.css HTTP/1.1" 304 0
INFO 2025-09-11 20:01:05,245 basehttp 24920 27388 "GET /static/rest_framework/js/jquery-3.5.1.min.js HTTP/1.1" 304 0
INFO 2025-09-11 20:01:05,245 basehttp 24920 8632 "GET /static/rest_framework/js/ajax-form.js HTTP/1.1" 304 0
INFO 2025-09-11 20:01:05,245 basehttp 24920 7648 "GET /static/rest_framework/js/csrf.js HTTP/1.1" 304 0
INFO 2025-09-11 20:01:05,245 basehttp 24920 29752 "GET /static/rest_framework/css/prettify.css HTTP/1.1" 304 0
INFO 2025-09-11 20:01:05,247 basehttp 24920 13788 "GET /static/rest_framework/js/bootstrap.min.js HTTP/1.1" 304 0
INFO 2025-09-11 20:01:05,247 basehttp 24920 27388 "GET /static/rest_framework/js/prettify-min.js HTTP/1.1" 304 0
INFO 2025-09-11 20:01:05,247 basehttp 24920 8632 "GET /static/rest_framework/js/default.js HTTP/1.1" 304 0
INFO 2025-09-11 20:01:05,256 basehttp 24920 8632 "GET /static/rest_framework/img/grid.png HTTP/1.1" 304 0
WARNING 2025-09-11 20:01:06,965 log 24920 8632 Forbidden: /api/
WARNING 2025-09-11 20:01:06,965 basehttp 24920 8632 "GET /api/ HTTP/1.1" 403 4973
INFO 2025-09-11 20:01:08,764 basehttp 24920 8632 "GET /admin/ HTTP/1.1" 302 0
INFO 2025-09-11 20:01:08,768 basehttp 24920 8632 "GET /admin/login/?next=/admin/ HTTP/1.1" 200 4181
INFO 2025-09-11 20:01:08,775 basehttp 24920 8632 "GET /static/admin/css/base.css HTTP/1.1" 304 0
INFO 2025-09-11 20:01:08,778 basehttp 24920 29656 "GET /static/admin/js/nav_sidebar.js HTTP/1.1" 304 0
INFO 2025-09-11 20:01:08,778 basehttp 24920 7648 "GET /static/admin/js/theme.js HTTP/1.1" 304 0
INFO 2025-09-11 20:01:08,778 basehttp 24920 27388 "GET /static/admin/css/nav_sidebar.css HTTP/1.1" 304 0
INFO 2025-09-11 20:01:08,779 basehttp 24920 8632 "GET /static/admin/css/dark_mode.css HTTP/1.1" 304 0
INFO 2025-09-11 20:01:08,779 basehttp 24920 13788 "GET /static/admin/css/login.css HTTP/1.1" 304 0
INFO 2025-09-11 20:01:08,779 basehttp 24920 29752 "GET /static/admin/css/responsive.css HTTP/1.1" 304 0
INFO 2025-09-11 20:01:21,314 basehttp 24920 29752 "GET /admin/ HTTP/1.1" 302 0
INFO 2025-09-11 20:01:21,316 basehttp 24920 29752 "GET /admin/login/?next=/admin/ HTTP/1.1" 200 4181
INFO 2025-09-11 20:01:26,032 basehttp 24920 29752 "GET /admin/login/?next=/admin/ HTTP/1.1" 200 4181
INFO 2025-09-11 20:01:32,197 basehttp 24920 29752 "POST /admin/login/?next=/admin/ HTTP/1.1" 302 0
INFO 2025-09-11 20:01:32,217 basehttp 24920 29752 "GET /admin/ HTTP/1.1" 200 6706
INFO 2025-09-11 20:01:32,231 basehttp 24920 29752 "GET /static/admin/css/dashboard.css HTTP/1.1" 200 441
INFO 2025-09-11 20:01:32,232 basehttp 24920 13788 "GET /static/admin/img/icon-addlink.svg HTTP/1.1" 200 331
INFO 2025-09-11 20:01:32,232 basehttp 24920 27388 "GET /static/admin/img/icon-changelink.svg HTTP/1.1" 200 380
INFO 2025-09-11 20:01:34,044 basehttp 24920 27388 "GET /admin/auth/group/ HTTP/1.1" 200 8125
INFO 2025-09-11 20:01:34,057 basehttp 24920 13788 "GET /admin/jsi18n/ HTTP/1.1" 200 3343
INFO 2025-09-11 20:01:34,059 basehttp 24920 27388 "GET /static/admin/css/changelists.css HTTP/1.1" 200 6566
INFO 2025-09-11 20:01:34,063 basehttp 24920 29656 "GET /static/admin/js/jquery.init.js HTTP/1.1" 200 347
INFO 2025-09-11 20:01:34,067 basehttp 24920 7648 "GET /static/admin/js/core.js HTTP/1.1" 200 5682
INFO 2025-09-11 20:01:34,068 basehttp 24920 8632 "GET /static/admin/js/admin/RelatedObjectLookups.js HTTP/1.1" 200 8943
INFO 2025-09-11 20:01:34,070 basehttp 24920 27388 "GET /static/admin/js/urlify.js HTTP/1.1" 200 7887
INFO 2025-09-11 20:01:34,071 basehttp 24920 13788 "GET /static/admin/js/actions.js HTTP/1.1" 200 7872
INFO 2025-09-11 20:01:34,074 basehttp 24920 29656 "GET /static/admin/js/prepopulate.js HTTP/1.1" 200 1531
INFO 2025-09-11 20:01:34,074 basehttp 24920 8632 "GET /static/admin/img/search.svg HTTP/1.1" 200 458
INFO 2025-09-11 20:01:34,087 basehttp 24920 29752 "GET /static/admin/js/vendor/jquery/jquery.js HTTP/1.1" 200 292458
INFO 2025-09-11 20:01:34,099 basehttp 24920 29752 "GET /static/admin/js/filters.js HTTP/1.1" 200 978
INFO 2025-09-11 20:01:34,101 basehttp 24920 7648 "GET /static/admin/js/vendor/xregexp/xregexp.js HTTP/1.1" 200 232381
INFO 2025-09-11 20:01:34,110 basehttp 24920 7648 "GET /static/admin/img/tooltag-add.svg HTTP/1.1" 200 331
INFO 2025-09-11 20:01:38,458 basehttp 24920 7648 "GET /admin/lca_core/lcacalculation/ HTTP/1.1" 200 9088
INFO 2025-09-11 20:01:38,466 basehttp 24920 7648 "GET /admin/jsi18n/ HTTP/1.1" 200 3343
INFO 2025-09-11 20:01:46,189 basehttp 24920 7648 "GET /admin/auth/group/ HTTP/1.1" 200 8125
INFO 2025-09-11 20:01:46,195 basehttp 24920 7648 "GET /admin/jsi18n/ HTTP/1.1" 200 3343
INFO 2025-09-11 20:01:47,783 basehttp 24920 7648 "GET /admin/auth/user/ HTTP/1.1" 200 11330
INFO 2025-09-11 20:01:47,790 basehttp 24920 7648 "GET /admin/jsi18n/ HTTP/1.1" 200 3343
INFO 2025-09-11 20:01:47,796 basehttp 24920 29752 "GET /static/admin/img/icon-yes.svg HTTP/1.1" 200 436
INFO 2025-09-11 20:01:47,803 basehttp 24920 29752 "GET /static/admin/img/sorting-icons.svg HTTP/1.1" 200 1097
INFO 2025-09-11 20:01:48,443 basehttp 24920 29752 "GET /admin/auth/group/add/ HTTP/1.1" 200 12008
INFO 2025-09-11 20:01:48,452 basehttp 24920 13788 "GET /admin/jsi18n/ HTTP/1.1" 200 3343
INFO 2025-09-11 20:01:48,455 basehttp 24920 29752 "GET /static/admin/css/forms.css HTTP/1.1" 200 9047
INFO 2025-09-11 20:01:48,459 basehttp 24920 29656 "GET /static/admin/js/prepopulate_init.js HTTP/1.1" 200 586
INFO 2025-09-11 20:01:48,462 basehttp 24920 8632 "GET /static/admin/js/SelectFilter2.js HTTP/1.1" 200 15292
INFO 2025-09-11 20:01:48,462 basehttp 24920 29752 "GET /static/admin/css/widgets.css HTTP/1.1" 200 11900
INFO 2025-09-11 20:01:48,462 basehttp 24920 7648 "GET /static/admin/js/SelectBox.js HTTP/1.1" 200 4530
INFO 2025-09-11 20:01:48,471 basehttp 24920 29752 "GET /static/admin/js/change_form.js HTTP/1.1" 200 606
INFO 2025-09-11 20:01:48,482 basehttp 24920 29752 "GET /static/admin/img/icon-unknown.svg HTTP/1.1" 200 655
INFO 2025-09-11 20:01:48,483 basehttp 24920 8632 "GET /static/admin/img/icon-unknown-alt.svg HTTP/1.1" 200 655
INFO 2025-09-11 20:01:48,483 basehttp 24920 7648 "GET /static/admin/img/selector-icons.svg HTTP/1.1" 200 3291
INFO 2025-09-11 20:01:51,983 basehttp 24920 7648 "GET /admin/auth/user/add/ HTTP/1.1" 200 10909
INFO 2025-09-11 20:01:51,990 basehttp 24920 7648 "GET /admin/jsi18n/ HTTP/1.1" 200 3343
INFO 2025-09-11 20:01:54,732 basehttp 24920 7648 "GET /admin/lca_core/lcacalculation/add/ HTTP/1.1" 200 13243
INFO 2025-09-11 20:01:54,740 basehttp 24920 7648 "GET /admin/jsi18n/ HTTP/1.1" 200 3343
INFO 2025-09-11 20:01:54,745 basehttp 24920 8632 "GET /static/admin/img/icon-viewlink.svg HTTP/1.1" 200 581
INFO 2025-09-11 20:02:02,734 basehttp 24920 8632 "GET /admin/lca_core/lcaproject/add/ HTTP/1.1" 200 12634
INFO 2025-09-11 20:02:02,741 basehttp 24920 8632 "GET /admin/jsi18n/ HTTP/1.1" 200 3343
INFO 2025-09-11 20:02:07,396 basehttp 24920 8632 "GET /admin/lca_core/lcacalculation/ HTTP/1.1" 200 9088
INFO 2025-09-11 20:02:07,404 basehttp 24920 8632 "GET /admin/jsi18n/ HTTP/1.1" 200 3343
INFO 2025-09-11 20:02:08,636 basehttp 24920 8632 "GET /admin/auth/user/ HTTP/1.1" 200 11330
INFO 2025-09-11 20:02:08,644 basehttp 24920 8632 "GET /admin/jsi18n/ HTTP/1.1" 200 3343
INFO 2025-09-11 20:02:09,199 basehttp 24920 8632 "GET /admin/auth/ HTTP/1.1" 200 5576
INFO 2025-09-11 20:02:10,529 basehttp 24920 8632 "GET /admin/auth/user/ HTTP/1.1" 200 11330
INFO 2025-09-11 20:02:11,430 basehttp 24920 8632 "GET /admin/auth/group/ HTTP/1.1" 200 8125
INFO 2025-09-11 20:02:11,436 basehttp 24920 8632 "GET /admin/jsi18n/ HTTP/1.1" 200 3343
INFO 2025-09-11 20:02:12,871 basehttp 24920 8632 "GET /admin/auth/group/add/ HTTP/1.1" 200 12008
INFO 2025-09-11 20:02:12,878 basehttp 24920 8632 "GET /admin/jsi18n/ HTTP/1.1" 200 3343
INFO 2025-09-11 20:02:19,885 basehttp 24920 8632 "GET /admin/auth/group/ HTTP/1.1" 200 8125
INFO 2025-09-11 20:02:19,893 basehttp 24920 8632 "GET /admin/jsi18n/ HTTP/1.1" 200 3343
INFO 2025-09-11 20:06:49,476 basehttp 24920 8632 "GET /admin/auth/group/ HTTP/1.1" 200 8125
INFO 2025-09-11 20:06:49,482 basehttp 24920 8632 "GET /static/admin/css/base.css HTTP/1.1" 304 0
INFO 2025-09-11 20:06:49,484 basehttp 24920 8632 "GET /static/admin/css/dark_mode.css HTTP/1.1" 304 0
INFO 2025-09-11 20:06:49,485 basehttp 24920 7648 "GET /static/admin/css/nav_sidebar.css HTTP/1.1" 304 0
INFO 2025-09-11 20:06:49,487 basehttp 24920 30048 "GET /static/admin/js/vendor/jquery/jquery.js HTTP/1.1" 304 0
INFO 2025-09-11 20:06:49,487 basehttp 24920 27496 "GET /static/admin/js/jquery.init.js HTTP/1.1" 304 0
INFO 2025-09-11 20:06:49,488 basehttp 24920 29800 "GET /static/admin/css/changelists.css HTTP/1.1" 304 0
INFO 2025-09-11 20:06:49,488 basehttp 24920 7648 "GET /static/admin/css/responsive.css HTTP/1.1" 304 0
INFO 2025-09-11 20:06:49,488 basehttp 24920 8632 "GET /static/admin/js/core.js HTTP/1.1" 304 0
INFO 2025-09-11 20:06:49,489 basehttp 24920 6328 "GET /admin/jsi18n/ HTTP/1.1" 200 3343
INFO 2025-09-11 20:06:49,577 basehttp 24920 27496 "GET /static/admin/js/admin/RelatedObjectLookups.js HTTP/1.1" 304 0
INFO 2025-09-11 20:06:49,577 basehttp 24920 7648 "GET /static/admin/js/vendor/xregexp/xregexp.js HTTP/1.1" 304 0
INFO 2025-09-11 20:06:49,577 basehttp 24920 30048 "GET /static/admin/js/actions.js HTTP/1.1" 304 0
INFO 2025-09-11 20:06:49,577 basehttp 24920 8632 "GET /static/admin/js/prepopulate.js HTTP/1.1" 304 0
INFO 2025-09-11 20:06:49,578 basehttp 24920 6328 "GET /static/admin/img/search.svg HTTP/1.1" 304 0
INFO 2025-09-11 20:06:49,578 basehttp 24920 29800 "GET /static/admin/js/urlify.js HTTP/1.1" 304 0
INFO 2025-09-11 20:06:49,580 basehttp 24920 6328 "GET /static/admin/js/theme.js HTTP/1.1" 304 0
INFO 2025-09-11 20:06:49,580 basehttp 24920 29800 "GET /static/admin/js/nav_sidebar.js HTTP/1.1" 304 0
INFO 2025-09-11 20:06:49,582 basehttp 24920 6328 "GET /static/admin/js/filters.js HTTP/1.1" 304 0
INFO 2025-09-11 20:06:52,858 basehttp 24920 6328 "GET / HTTP/1.1" 200 2718
INFO 2025-09-11 20:18:38,484 autoreload 29992 29524 Watching for file changes with StatReloader
INFO 2025-09-11 20:18:41,393 basehttp 29992 6684 "GET / HTTP/1.1" 200 2718
INFO 2025-09-11 20:18:41,924 basehttp 29992 6684 "GET / HTTP/1.1" 200 2718
INFO 2025-09-11 20:18:42,174 basehttp 29992 6684 "GET / HTTP/1.1" 200 2718
INFO 2025-09-11 20:18:42,321 basehttp 29992 6684 "GET / HTTP/1.1" 200 2718
INFO 2025-09-11 20:19:02,434 autoreload 30000 24288 Watching for file changes with StatReloader
INFO 2025-09-11 20:19:04,340 basehttp 30000 18620 "GET /admin/ HTTP/1.1" 200 6706
INFO 2025-09-11 20:19:04,349 basehttp 30000 18620 "GET /static/admin/css/base.css HTTP/1.1" 304 0
INFO 2025-09-11 20:19:04,351 basehttp 30000 18620 "GET /static/admin/css/dark_mode.css HTTP/1.1" 304 0
INFO 2025-09-11 20:19:04,351 basehttp 30000 30388 "GET /static/admin/css/nav_sidebar.css HTTP/1.1" 304 0
INFO 2025-09-11 20:19:04,352 basehttp 30000 7380 "GET /static/admin/css/dashboard.css HTTP/1.1" 304 0
INFO 2025-09-11 20:19:04,352 basehttp 30000 7004 "GET /static/admin/css/responsive.css HTTP/1.1" 304 0
INFO 2025-09-11 20:19:04,353 basehttp 30000 7004 "GET /static/admin/js/theme.js HTTP/1.1" 304 0
INFO 2025-09-11 20:19:04,353 basehttp 30000 7380 "GET /static/admin/js/nav_sidebar.js HTTP/1.1" 304 0
INFO 2025-09-11 20:19:04,355 basehttp 30000 7380 "GET /static/admin/img/icon-addlink.svg HTTP/1.1" 304 0
INFO 2025-09-11 20:19:04,355 basehttp 30000 7004 "GET /static/admin/img/icon-changelink.svg HTTP/1.1" 304 0
INFO 2025-09-11 20:19:05,651 basehttp 30000 7004 "GET /admin/ HTTP/1.1" 200 6706
INFO 2025-09-11 20:19:17,434 basehttp 30000 7004 "GET /admin/auth/group/ HTTP/1.1" 200 8125
INFO 2025-09-11 20:19:17,444 basehttp 30000 7004 "GET /static/admin/css/changelists.css HTTP/1.1" 304 0
INFO 2025-09-11 20:19:17,448 basehttp 30000 18620 "GET /static/admin/js/core.js HTTP/1.1" 304 0
INFO 2025-09-11 20:19:17,448 basehttp 30000 30388 "GET /static/admin/js/jquery.init.js HTTP/1.1" 304 0
INFO 2025-09-11 20:19:17,449 basehttp 30000 7380 "GET /static/admin/js/vendor/jquery/jquery.js HTTP/1.1" 304 0
INFO 2025-09-11 20:19:17,449 basehttp 30000 26972 "GET /static/admin/js/actions.js HTTP/1.1" 304 0
INFO 2025-09-11 20:19:17,449 basehttp 30000 28080 "GET /static/admin/js/admin/RelatedObjectLookups.js HTTP/1.1" 304 0
INFO 2025-09-11 20:19:17,450 basehttp 30000 30388 "GET /static/admin/js/prepopulate.js HTTP/1.1" 304 0
INFO 2025-09-11 20:19:17,450 basehttp 30000 18620 "GET /static/admin/js/urlify.js HTTP/1.1" 304 0
INFO 2025-09-11 20:19:17,450 basehttp 30000 28080 "GET /static/admin/js/vendor/xregexp/xregexp.js HTTP/1.1" 304 0
INFO 2025-09-11 20:19:17,451 basehttp 30000 7004 "GET /admin/jsi18n/ HTTP/1.1" 200 3343
INFO 2025-09-11 20:19:17,451 basehttp 30000 28080 "GET /static/admin/img/search.svg HTTP/1.1" 304 0
INFO 2025-09-11 20:19:17,551 basehttp 30000 28080 "GET /static/admin/js/filters.js HTTP/1.1" 304 0
INFO 2025-09-11 20:19:17,551 basehttp 30000 7004 "GET /static/admin/img/tooltag-add.svg HTTP/1.1" 304 0
INFO 2025-09-11 20:19:23,011 basehttp 30000 7004 "GET /admin/auth/user/ HTTP/1.1" 200 11330
INFO 2025-09-11 20:19:23,019 basehttp 30000 28080 "GET /static/admin/img/icon-yes.svg HTTP/1.1" 304 0
INFO 2025-09-11 20:19:23,019 basehttp 30000 7004 "GET /admin/jsi18n/ HTTP/1.1" 200 3343
INFO 2025-09-11 20:19:23,028 basehttp 30000 7004 "GET /static/admin/img/sorting-icons.svg HTTP/1.1" 304 0
INFO 2025-09-11 20:19:25,505 basehttp 30000 7004 "GET /admin/auth/group/ HTTP/1.1" 200 8125
INFO 2025-09-11 20:19:25,512 basehttp 30000 7004 "GET /admin/jsi18n/ HTTP/1.1" 200 3343
INFO 2025-09-11 20:19:29,172 basehttp 30000 7004 "GET /admin/lca_core/lcacalculation/ HTTP/1.1" 200 9088
INFO 2025-09-11 20:19:29,179 basehttp 30000 7004 "GET /admin/jsi18n/ HTTP/1.1" 200 3343
INFO 2025-09-11 20:19:31,276 basehttp 30000 7004 "GET /admin/lca_core/lcacalculation/add/ HTTP/1.1" 200 13243
INFO 2025-09-11 20:19:31,283 basehttp 30000 7004 "GET /static/admin/css/forms.css HTTP/1.1" 304 0
INFO 2025-09-11 20:19:31,283 basehttp 30000 18620 "GET /static/admin/img/icon-viewlink.svg HTTP/1.1" 304 0
INFO 2025-09-11 20:19:31,283 basehttp 30000 30388 "GET /static/admin/js/prepopulate_init.js HTTP/1.1" 304 0
INFO 2025-09-11 20:19:31,285 basehttp 30000 28080 "GET /admin/jsi18n/ HTTP/1.1" 200 3343
INFO 2025-09-11 20:19:31,286 basehttp 30000 30388 "GET /static/admin/css/widgets.css HTTP/1.1" 304 0
INFO 2025-09-11 20:19:31,287 basehttp 30000 30388 "GET /static/admin/js/change_form.js HTTP/1.1" 304 0
INFO 2025-09-11 20:19:33,290 basehttp 30000 30388 "GET /admin/lca_core/lcaproject/add/ HTTP/1.1" 200 12634
INFO 2025-09-11 20:19:33,297 basehttp 30000 30388 "GET /admin/jsi18n/ HTTP/1.1" 200 3343
INFO 2025-09-11 20:19:36,609 basehttp 30000 30388 "GET /admin/lca_core/lcacalculation/add/ HTTP/1.1" 200 13243
INFO 2025-09-11 20:19:36,616 basehttp 30000 30388 "GET /admin/jsi18n/ HTTP/1.1" 200 3343
INFO 2025-09-11 20:19:49,249 basehttp 30000 30388 "GET /admin/lca_core/lcaproject/add/ HTTP/1.1" 200 12634
INFO 2025-09-11 20:19:49,256 basehttp 30000 30388 "GET /admin/jsi18n/ HTTP/1.1" 200 3343
INFO 2025-09-11 20:19:50,381 basehttp 30000 30388 "GET /admin/lca_core/lcacalculation/add/ HTTP/1.1" 200 13243
INFO 2025-09-11 20:19:50,388 basehttp 30000 30388 "GET /admin/jsi18n/ HTTP/1.1" 200 3343
INFO 2025-09-11 20:22:14,628 autoreload 30000 24288 C:\Users\raxtr\Documents\Programming\SIH Hackathon 2025\LCA Analysis\LCA-Analysis-Tool\lca_core\home_views.py changed, reloading.
INFO 2025-09-11 20:22:14,953 autoreload 28000 28976 Watching for file changes with StatReloader
INFO 2025-09-11 20:25:36,598 autoreload 18940 29960 Watching for file changes with StatReloader
INFO 2025-09-11 20:25:48,370 autoreload 29416 27448 Watching for file changes with StatReloader
INFO 2025-09-11 20:26:16,047 autoreload 29416 27448 C:\Users\raxtr\Documents\Programming\SIH Hackathon 2025\LCA Analysis\LCA-Analysis-Tool\lca_core\home_views.py changed, reloading.
INFO 2025-09-11 20:26:16,345 autoreload 28956 29756 Watching for file changes with StatReloader
INFO 2025-09-11 20:26:16,493 autoreload 18940 29960 C:\Users\raxtr\Documents\Programming\SIH Hackathon 2025\LCA Analysis\LCA-Analysis-Tool\lca_core\home_views.py changed, reloading.
INFO 2025-09-11 20:26:16,761 autoreload 28340 14968 Watching for file changes with StatReloader
INFO 2025-09-11 20:26:32,323 basehttp 28956 29908 "GET / HTTP/1.1" 200 20041
INFO 2025-09-11 20:26:56,992 basehttp 28956 29908 "GET /admin/ HTTP/1.1" 200 6706
INFO 2025-09-11 20:26:57,000 basehttp 28956 29908 "GET /static/admin/css/base.css HTTP/1.1" 304 0
INFO 2025-09-11 20:26:57,002 basehttp 28956 29908 "GET /static/admin/css/dark_mode.css HTTP/1.1" 304 0
INFO 2025-09-11 20:26:57,002 basehttp 28956 3332 "GET /static/admin/css/nav_sidebar.css HTTP/1.1" 304 0
INFO 2025-09-11 20:26:57,007 basehttp 28956 17948 "GET /static/admin/css/dashboard.css HTTP/1.1" 304 0
INFO 2025-09-11 20:26:57,009 basehttp 28956 29392 "GET /static/admin/css/responsive.css HTTP/1.1" 304 0
INFO 2025-09-11 20:26:57,009 basehttp 28956 14644 "GET /static/admin/js/theme.js HTTP/1.1" 304 0
INFO 2025-09-11 20:26:57,010 basehttp 28956 27196 "GET /static/admin/js/nav_sidebar.js HTTP/1.1" 304 0
INFO 2025-09-11 20:26:57,013 basehttp 28956 27196 "GET /static/admin/img/icon-addlink.svg HTTP/1.1" 304 0
INFO 2025-09-11 20:26:57,013 basehttp 28956 14644 "GET /static/admin/img/icon-changelink.svg HTTP/1.1" 304 0
INFO 2025-09-11 20:27:12,977 basehttp 28956 14644 "GET /api/projects/ HTTP/1.1" 200 9827
INFO 2025-09-11 20:27:12,985 basehttp 28956 14644 "GET /static/rest_framework/css/bootstrap.min.css HTTP/1.1" 304 0
INFO 2025-09-11 20:27:12,987 basehttp 28956 27196 "GET /static/rest_framework/css/prettify.css HTTP/1.1" 304 0
INFO 2025-09-11 20:27:12,990 basehttp 28956 27196 "GET /static/rest_framework/js/bootstrap.min.js HTTP/1.1" 304 0
INFO 2025-09-11 20:27:12,990 basehttp 28956 3332 "GET /static/rest_framework/js/ajax-form.js HTTP/1.1" 304 0
INFO 2025-09-11 20:27:12,991 basehttp 28956 29908 "GET /static/rest_framework/js/csrf.js HTTP/1.1" 304 0
INFO 2025-09-11 20:27:12,991 basehttp 28956 17948 "GET /static/rest_framework/js/jquery-3.5.1.min.js HTTP/1.1" 304 0
INFO 2025-09-11 20:27:12,991 basehttp 28956 14644 "GET /static/rest_framework/css/bootstrap-tweaks.css HTTP/1.1" 304 0
INFO 2025-09-11 20:27:12,991 basehttp 28956 29392 "GET /static/rest_framework/css/default.css HTTP/1.1" 304 0
INFO 2025-09-11 20:27:12,992 basehttp 28956 27196 "GET /static/rest_framework/js/prettify-min.js HTTP/1.1" 304 0
INFO 2025-09-11 20:27:12,992 basehttp 28956 3332 "GET /static/rest_framework/js/default.js HTTP/1.1" 304 0
INFO 2025-09-11 20:27:13,003 basehttp 28956 3332 "GET /static/rest_framework/img/grid.png HTTP/1.1" 304 0
INFO 2025-09-11 20:27:18,034 basehttp 28956 3332 "GET /api/ HTTP/1.1" 200 5737
INFO 2025-09-11 20:27:21,472 basehttp 28956 3332 "GET /api/projects/ HTTP/1.1" 200 9827
INFO 2025-09-11 20:27:26,663 basehttp 28956 3332 "GET /api/projects/?format=api HTTP/1.1" 200 9904
INFO 2025-09-11 20:27:27,582 basehttp 28956 3332 "GET /api/projects/?format=json HTTP/1.1" 200 52
INFO 2025-09-11 20:28:27,824 autoreload 28956 29756 C:\Users\raxtr\Documents\Programming\SIH Hackathon 2025\LCA Analysis\LCA-Analysis-Tool\lca_core\home_views.py changed, reloading.
INFO 2025-09-11 20:28:28,026 autoreload 28340 14968 C:\Users\raxtr\Documents\Programming\SIH Hackathon 2025\LCA Analysis\LCA-Analysis-Tool\lca_core\home_views.py changed, reloading.
INFO 2025-09-11 20:28:28,162 autoreload 20964 30364 Watching for file changes with StatReloader
INFO 2025-09-11 20:28:28,337 autoreload 11640 29020 Watching for file changes with StatReloader
INFO 2025-09-11 20:29:15,006 basehttp 20964 9444 "GET / HTTP/1.1" 200 20499
INFO 2025-09-11 20:30:22,296 autoreload 20964 30364 C:\Users\raxtr\Documents\Programming\SIH Hackathon 2025\LCA Analysis\LCA-Analysis-Tool\lca_core\home_views.py changed, reloading.
INFO 2025-09-11 20:30:22,305 autoreload 11640 29020 C:\Users\raxtr\Documents\Programming\SIH Hackathon 2025\LCA Analysis\LCA-Analysis-Tool\lca_core\home_views.py changed, reloading.
INFO 2025-09-11 20:30:22,592 autoreload 10520 28900 Watching for file changes with StatReloader
INFO 2025-09-11 20:30:22,595 autoreload 16572 11596 Watching for file changes with StatReloader
INFO 2025-09-11 20:30:31,430 basehttp 16572 27956 "GET / HTTP/1.1" 200 21429
INFO 2025-09-11 20:30:54,370 basehttp 16572 27956 "GET /admin/ HTTP/1.1" 200 6706
INFO 2025-09-11 20:31:06,465 autoreload 16572 11596 C:\Users\raxtr\Documents\Programming\SIH Hackathon 2025\LCA Analysis\LCA-Analysis-Tool\lca_core\home_views.py changed, reloading.
INFO 2025-09-11 20:31:06,807 autoreload 31392 29756 Watching for file changes with StatReloader
